<?xml version="1.0" encoding="UTF-8"?>
<!-- Generated by org.testng.reporters.JUnitReportReporter -->
<testsuite skipped="0" hostname="LAPTOP-0BQNAJ0U" name="test_STN" tests="1" failures="0" timestamp="14 十一月 2017 16:14:16 GMT" time="0.008" errors="0">
  <testcase name="testPrintMessage" time="0.008" classname="test_STN"/>
</testsuite> <!-- test_STN -->
